<?xml version="1.0" encoding="UTF-8"?>
<testng-results ignored="0" total="3" passed="0" failed="3" skipped="0">
  <reporter-output>
  </reporter-output>
  <suite started-at="2022-09-16T09:27:33 IST" name="Default suite" finished-at="2022-09-16T09:27:44 IST" duration-ms="10643">
    <groups>
    </groups>
    <test started-at="2022-09-16T09:27:33 IST" name="Default test" finished-at="2022-09-16T09:27:44 IST" duration-ms="10643">
      <class name="org.sample.DataProvSelenium">
        <test-method signature="SampleTest(java.lang.String,java.lang.String,java.lang.String)[pri:0, instance:org.sample.DataProvSelenium@6283d8b8]" started-at="2022-09-16T09:27:33 IST" name="SampleTest" data-provider="data" finished-at="2022-09-16T09:27:38 IST" duration-ms="5024" status="FAIL">
          <params>
            <param index="0">
              <value>
                <![CDATA[valid]]>
              </value>
            </param>
            <param index="1">
              <value>
                <![CDATA[standard_user]]>
              </value>
            </param>
            <param index="2">
              <value>
                <![CDATA[secret_sauce]]>
              </value>
            </param>
          </params>
          <exception class="org.openqa.selenium.SessionNotCreatedException">
            <message>
              <![CDATA[session not created: This version of ChromeDriver only supports Chrome version 103
Current browser version is 105.0.5195.125 with binary path C:\Program Files\Google\Chrome\Application\chrome.exe
Build info: version: '3.141.5', revision: 'd54ebd709a', time: '2018-11-06T11:42:16'
System info: host: 'LAPTOP-ABGUSIE1', ip: '192.168.1.6', os.name: 'Windows 10', os.arch: 'amd64', os.version: '10.0', java.version: '17.0.1'
Driver info: driver.version: ChromeDriver
remote stacktrace: Backtrace:
Ordinal0 [0x00B36463+2188387]
Ordinal0 [0x00ACE461+1762401]
Ordinal0 [0x009E3D78+802168]
Ordinal0 [0x00A04E59+937561]
Ordinal0 [0x00A00A6C+920172]
Ordinal0 [0x009FE331+910129]
Ordinal0 [0x00A31430+1119280]
Ordinal0 [0x00A3108A+1118346]
Ordinal0 [0x00A2C5F6+1099254]
Ordinal0 [0x00A06BE0+945120]
Ordinal0 [0x00A07AD6+948950]
GetHandleVerifier [0x00DD71F2+2712546]
GetHandleVerifier [0x00DC886D+2652765]
GetHandleVerifier [0x00BC002A+520730]
GetHandleVerifier [0x00BBEE06+516086]
Ordinal0 [0x00AD468B+1787531]
Ordinal0 [0x00AD8E88+1805960]
Ordinal0 [0x00AD8F75+1806197]
Ordinal0 [0x00AE1DF1+1842673]
BaseThreadInitThunk [0x76446739+25]
RtlGetFullPathName_UEx [0x772A90AF+1215]
RtlGetFullPathName_UEx [0x772A907D+1165]
]]>
            </message>
            <full-stacktrace>
              <![CDATA[org.openqa.selenium.SessionNotCreatedException: session not created: This version of ChromeDriver only supports Chrome version 103
Current browser version is 105.0.5195.125 with binary path C:\Program Files\Google\Chrome\Application\chrome.exe
Build info: version: '3.141.5', revision: 'd54ebd709a', time: '2018-11-06T11:42:16'
System info: host: 'LAPTOP-ABGUSIE1', ip: '192.168.1.6', os.name: 'Windows 10', os.arch: 'amd64', os.version: '10.0', java.version: '17.0.1'
Driver info: driver.version: ChromeDriver
remote stacktrace: Backtrace:
Ordinal0 [0x00B36463+2188387]
Ordinal0 [0x00ACE461+1762401]
Ordinal0 [0x009E3D78+802168]
Ordinal0 [0x00A04E59+937561]
Ordinal0 [0x00A00A6C+920172]
Ordinal0 [0x009FE331+910129]
Ordinal0 [0x00A31430+1119280]
Ordinal0 [0x00A3108A+1118346]
Ordinal0 [0x00A2C5F6+1099254]
Ordinal0 [0x00A06BE0+945120]
Ordinal0 [0x00A07AD6+948950]
GetHandleVerifier [0x00DD71F2+2712546]
GetHandleVerifier [0x00DC886D+2652765]
GetHandleVerifier [0x00BC002A+520730]
GetHandleVerifier [0x00BBEE06+516086]
Ordinal0 [0x00AD468B+1787531]
Ordinal0 [0x00AD8E88+1805960]
Ordinal0 [0x00AD8F75+1806197]
Ordinal0 [0x00AE1DF1+1842673]
BaseThreadInitThunk [0x76446739+25]
RtlGetFullPathName_UEx [0x772A90AF+1215]
RtlGetFullPathName_UEx [0x772A907D+1165]

at java.base/jdk.internal.reflect.NativeConstructorAccessorImpl.newInstance0(Native Method)
at java.base/jdk.internal.reflect.NativeConstructorAccessorImpl.newInstance(NativeConstructorAccessorImpl.java:77)
at java.base/jdk.internal.reflect.DelegatingConstructorAccessorImpl.newInstance(DelegatingConstructorAccessorImpl.java:45)
at java.base/java.lang.reflect.Constructor.newInstanceWithCaller(Constructor.java:499)
at java.base/java.lang.reflect.Constructor.newInstance(Constructor.java:480)
at org.openqa.selenium.remote.W3CHandshakeResponse.lambda$errorHandler$0(W3CHandshakeResponse.java:62)
at org.openqa.selenium.remote.HandshakeResponse.lambda$getResponseFunction$0(HandshakeResponse.java:30)
at org.openqa.selenium.remote.ProtocolHandshake.lambda$createSession$0(ProtocolHandshake.java:123)
at java.base/java.util.stream.ReferencePipeline$3$1.accept(ReferencePipeline.java:197)
at java.base/java.util.Spliterators$ArraySpliterator.tryAdvance(Spliterators.java:1002)
at java.base/java.util.stream.ReferencePipeline.forEachWithCancel(ReferencePipeline.java:129)
at java.base/java.util.stream.AbstractPipeline.copyIntoWithCancel(AbstractPipeline.java:527)
at java.base/java.util.stream.AbstractPipeline.copyInto(AbstractPipeline.java:513)
at java.base/java.util.stream.AbstractPipeline.wrapAndCopyInto(AbstractPipeline.java:499)
at java.base/java.util.stream.FindOps$FindOp.evaluateSequential(FindOps.java:150)
at java.base/java.util.stream.AbstractPipeline.evaluate(AbstractPipeline.java:234)
at java.base/java.util.stream.ReferencePipeline.findFirst(ReferencePipeline.java:647)
at org.openqa.selenium.remote.ProtocolHandshake.createSession(ProtocolHandshake.java:125)
at org.openqa.selenium.remote.ProtocolHandshake.createSession(ProtocolHandshake.java:74)
at org.openqa.selenium.remote.HttpCommandExecutor.execute(HttpCommandExecutor.java:136)
at org.openqa.selenium.remote.service.DriverCommandExecutor.execute(DriverCommandExecutor.java:83)
at org.openqa.selenium.remote.RemoteWebDriver.execute(RemoteWebDriver.java:552)
at org.openqa.selenium.remote.RemoteWebDriver.startSession(RemoteWebDriver.java:213)
at org.openqa.selenium.remote.RemoteWebDriver.<init>(RemoteWebDriver.java:131)
at org.openqa.selenium.chrome.ChromeDriver.<init>(ChromeDriver.java:181)
at org.openqa.selenium.chrome.ChromeDriver.<init>(ChromeDriver.java:168)
at org.openqa.selenium.chrome.ChromeDriver.<init>(ChromeDriver.java:123)
at org.sample.DataProvSelenium.SampleTest(DataProvSelenium.java:25)
at java.base/jdk.internal.reflect.NativeMethodAccessorImpl.invoke0(Native Method)
at java.base/jdk.internal.reflect.NativeMethodAccessorImpl.invoke(NativeMethodAccessorImpl.java:77)
at java.base/jdk.internal.reflect.DelegatingMethodAccessorImpl.invoke(DelegatingMethodAccessorImpl.java:43)
at java.base/java.lang.reflect.Method.invoke(Method.java:568)
at org.testng.internal.MethodInvocationHelper.invokeMethod(MethodInvocationHelper.java:133)
at org.testng.internal.TestInvoker.invokeMethod(TestInvoker.java:598)
at org.testng.internal.TestInvoker.invokeTestMethod(TestInvoker.java:173)
at org.testng.internal.MethodRunner.runInSequence(MethodRunner.java:46)
at org.testng.internal.TestInvoker$MethodInvocationAgent.invoke(TestInvoker.java:824)
at org.testng.internal.TestInvoker.invokeTestMethods(TestInvoker.java:146)
at org.testng.internal.TestMethodWorker.invokeTestMethods(TestMethodWorker.java:146)
at org.testng.internal.TestMethodWorker.run(TestMethodWorker.java:128)
at java.base/java.util.ArrayList.forEach(ArrayList.java:1511)
at org.testng.TestRunner.privateRun(TestRunner.java:794)
at org.testng.TestRunner.run(TestRunner.java:596)
at org.testng.SuiteRunner.runTest(SuiteRunner.java:377)
at org.testng.SuiteRunner.runSequentially(SuiteRunner.java:371)
at org.testng.SuiteRunner.privateRun(SuiteRunner.java:332)
at org.testng.SuiteRunner.run(SuiteRunner.java:276)
at org.testng.SuiteRunnerWorker.runSuite(SuiteRunnerWorker.java:53)
at org.testng.SuiteRunnerWorker.run(SuiteRunnerWorker.java:96)
at org.testng.TestNG.runSuitesSequentially(TestNG.java:1212)
at org.testng.TestNG.runSuitesLocally(TestNG.java:1134)
at org.testng.TestNG.runSuites(TestNG.java:1063)
at org.testng.TestNG.run(TestNG.java:1031)
at org.testng.remote.AbstractRemoteTestNG.run(AbstractRemoteTestNG.java:115)
at org.testng.remote.RemoteTestNG.initAndRun(RemoteTestNG.java:251)
at org.testng.remote.RemoteTestNG.main(RemoteTestNG.java:77)
]]>
            </full-stacktrace>
          </exception> <!-- org.openqa.selenium.SessionNotCreatedException -->
          <reporter-output>
          </reporter-output>
        </test-method> <!-- SampleTest -->
        <test-method signature="SampleTest(java.lang.String,java.lang.String,java.lang.String)[pri:0, instance:org.sample.DataProvSelenium@6283d8b8]" started-at="2022-09-16T09:27:38 IST" name="SampleTest" data-provider="data" finished-at="2022-09-16T09:27:42 IST" duration-ms="4146" status="FAIL">
          <params>
            <param index="0">
              <value>
                <![CDATA[invalid]]>
              </value>
            </param>
            <param index="1">
              <value>
                <![CDATA[standard_user]]>
              </value>
            </param>
            <param index="2">
              <value>
                <![CDATA[123]]>
              </value>
            </param>
          </params>
          <exception class="org.openqa.selenium.SessionNotCreatedException">
            <message>
              <![CDATA[session not created: This version of ChromeDriver only supports Chrome version 103
Current browser version is 105.0.5195.125 with binary path C:\Program Files\Google\Chrome\Application\chrome.exe
Build info: version: '3.141.5', revision: 'd54ebd709a', time: '2018-11-06T11:42:16'
System info: host: 'LAPTOP-ABGUSIE1', ip: '192.168.1.6', os.name: 'Windows 10', os.arch: 'amd64', os.version: '10.0', java.version: '17.0.1'
Driver info: driver.version: ChromeDriver
remote stacktrace: Backtrace:
Ordinal0 [0x00B36463+2188387]
Ordinal0 [0x00ACE461+1762401]
Ordinal0 [0x009E3D78+802168]
Ordinal0 [0x00A04E59+937561]
Ordinal0 [0x00A00A6C+920172]
Ordinal0 [0x009FE331+910129]
Ordinal0 [0x00A31430+1119280]
Ordinal0 [0x00A3108A+1118346]
Ordinal0 [0x00A2C5F6+1099254]
Ordinal0 [0x00A06BE0+945120]
Ordinal0 [0x00A07AD6+948950]
GetHandleVerifier [0x00DD71F2+2712546]
GetHandleVerifier [0x00DC886D+2652765]
GetHandleVerifier [0x00BC002A+520730]
GetHandleVerifier [0x00BBEE06+516086]
Ordinal0 [0x00AD468B+1787531]
Ordinal0 [0x00AD8E88+1805960]
Ordinal0 [0x00AD8F75+1806197]
Ordinal0 [0x00AE1DF1+1842673]
BaseThreadInitThunk [0x76446739+25]
RtlGetFullPathName_UEx [0x772A90AF+1215]
RtlGetFullPathName_UEx [0x772A907D+1165]
]]>
            </message>
            <full-stacktrace>
              <![CDATA[org.openqa.selenium.SessionNotCreatedException: session not created: This version of ChromeDriver only supports Chrome version 103
Current browser version is 105.0.5195.125 with binary path C:\Program Files\Google\Chrome\Application\chrome.exe
Build info: version: '3.141.5', revision: 'd54ebd709a', time: '2018-11-06T11:42:16'
System info: host: 'LAPTOP-ABGUSIE1', ip: '192.168.1.6', os.name: 'Windows 10', os.arch: 'amd64', os.version: '10.0', java.version: '17.0.1'
Driver info: driver.version: ChromeDriver
remote stacktrace: Backtrace:
Ordinal0 [0x00B36463+2188387]
Ordinal0 [0x00ACE461+1762401]
Ordinal0 [0x009E3D78+802168]
Ordinal0 [0x00A04E59+937561]
Ordinal0 [0x00A00A6C+920172]
Ordinal0 [0x009FE331+910129]
Ordinal0 [0x00A31430+1119280]
Ordinal0 [0x00A3108A+1118346]
Ordinal0 [0x00A2C5F6+1099254]
Ordinal0 [0x00A06BE0+945120]
Ordinal0 [0x00A07AD6+948950]
GetHandleVerifier [0x00DD71F2+2712546]
GetHandleVerifier [0x00DC886D+2652765]
GetHandleVerifier [0x00BC002A+520730]
GetHandleVerifier [0x00BBEE06+516086]
Ordinal0 [0x00AD468B+1787531]
Ordinal0 [0x00AD8E88+1805960]
Ordinal0 [0x00AD8F75+1806197]
Ordinal0 [0x00AE1DF1+1842673]
BaseThreadInitThunk [0x76446739+25]
RtlGetFullPathName_UEx [0x772A90AF+1215]
RtlGetFullPathName_UEx [0x772A907D+1165]

at java.base/jdk.internal.reflect.NativeConstructorAccessorImpl.newInstance0(Native Method)
at java.base/jdk.internal.reflect.NativeConstructorAccessorImpl.newInstance(NativeConstructorAccessorImpl.java:77)
at java.base/jdk.internal.reflect.DelegatingConstructorAccessorImpl.newInstance(DelegatingConstructorAccessorImpl.java:45)
at java.base/java.lang.reflect.Constructor.newInstanceWithCaller(Constructor.java:499)
at java.base/java.lang.reflect.Constructor.newInstance(Constructor.java:480)
at org.openqa.selenium.remote.W3CHandshakeResponse.lambda$errorHandler$0(W3CHandshakeResponse.java:62)
at org.openqa.selenium.remote.HandshakeResponse.lambda$getResponseFunction$0(HandshakeResponse.java:30)
at org.openqa.selenium.remote.ProtocolHandshake.lambda$createSession$0(ProtocolHandshake.java:123)
at java.base/java.util.stream.ReferencePipeline$3$1.accept(ReferencePipeline.java:197)
at java.base/java.util.Spliterators$ArraySpliterator.tryAdvance(Spliterators.java:1002)
at java.base/java.util.stream.ReferencePipeline.forEachWithCancel(ReferencePipeline.java:129)
at java.base/java.util.stream.AbstractPipeline.copyIntoWithCancel(AbstractPipeline.java:527)
at java.base/java.util.stream.AbstractPipeline.copyInto(AbstractPipeline.java:513)
at java.base/java.util.stream.AbstractPipeline.wrapAndCopyInto(AbstractPipeline.java:499)
at java.base/java.util.stream.FindOps$FindOp.evaluateSequential(FindOps.java:150)
at java.base/java.util.stream.AbstractPipeline.evaluate(AbstractPipeline.java:234)
at java.base/java.util.stream.ReferencePipeline.findFirst(ReferencePipeline.java:647)
at org.openqa.selenium.remote.ProtocolHandshake.createSession(ProtocolHandshake.java:125)
at org.openqa.selenium.remote.ProtocolHandshake.createSession(ProtocolHandshake.java:74)
at org.openqa.selenium.remote.HttpCommandExecutor.execute(HttpCommandExecutor.java:136)
at org.openqa.selenium.remote.service.DriverCommandExecutor.execute(DriverCommandExecutor.java:83)
at org.openqa.selenium.remote.RemoteWebDriver.execute(RemoteWebDriver.java:552)
at org.openqa.selenium.remote.RemoteWebDriver.startSession(RemoteWebDriver.java:213)
at org.openqa.selenium.remote.RemoteWebDriver.<init>(RemoteWebDriver.java:131)
at org.openqa.selenium.chrome.ChromeDriver.<init>(ChromeDriver.java:181)
at org.openqa.selenium.chrome.ChromeDriver.<init>(ChromeDriver.java:168)
at org.openqa.selenium.chrome.ChromeDriver.<init>(ChromeDriver.java:123)
at org.sample.DataProvSelenium.SampleTest(DataProvSelenium.java:25)
at java.base/jdk.internal.reflect.NativeMethodAccessorImpl.invoke0(Native Method)
at java.base/jdk.internal.reflect.NativeMethodAccessorImpl.invoke(NativeMethodAccessorImpl.java:77)
at java.base/jdk.internal.reflect.DelegatingMethodAccessorImpl.invoke(DelegatingMethodAccessorImpl.java:43)
at java.base/java.lang.reflect.Method.invoke(Method.java:568)
at org.testng.internal.MethodInvocationHelper.invokeMethod(MethodInvocationHelper.java:133)
at org.testng.internal.TestInvoker.invokeMethod(TestInvoker.java:598)
at org.testng.internal.TestInvoker.invokeTestMethod(TestInvoker.java:173)
at org.testng.internal.MethodRunner.runInSequence(MethodRunner.java:46)
at org.testng.internal.TestInvoker$MethodInvocationAgent.invoke(TestInvoker.java:824)
at org.testng.internal.TestInvoker.invokeTestMethods(TestInvoker.java:146)
at org.testng.internal.TestMethodWorker.invokeTestMethods(TestMethodWorker.java:146)
at org.testng.internal.TestMethodWorker.run(TestMethodWorker.java:128)
at java.base/java.util.ArrayList.forEach(ArrayList.java:1511)
at org.testng.TestRunner.privateRun(TestRunner.java:794)
at org.testng.TestRunner.run(TestRunner.java:596)
at org.testng.SuiteRunner.runTest(SuiteRunner.java:377)
at org.testng.SuiteRunner.runSequentially(SuiteRunner.java:371)
at org.testng.SuiteRunner.privateRun(SuiteRunner.java:332)
at org.testng.SuiteRunner.run(SuiteRunner.java:276)
at org.testng.SuiteRunnerWorker.runSuite(SuiteRunnerWorker.java:53)
at org.testng.SuiteRunnerWorker.run(SuiteRunnerWorker.java:96)
at org.testng.TestNG.runSuitesSequentially(TestNG.java:1212)
at org.testng.TestNG.runSuitesLocally(TestNG.java:1134)
at org.testng.TestNG.runSuites(TestNG.java:1063)
at org.testng.TestNG.run(TestNG.java:1031)
at org.testng.remote.AbstractRemoteTestNG.run(AbstractRemoteTestNG.java:115)
at org.testng.remote.RemoteTestNG.initAndRun(RemoteTestNG.java:251)
at org.testng.remote.RemoteTestNG.main(RemoteTestNG.java:77)
]]>
            </full-stacktrace>
          </exception> <!-- org.openqa.selenium.SessionNotCreatedException -->
          <reporter-output>
          </reporter-output>
        </test-method> <!-- SampleTest -->
        <test-method signature="SampleTest(java.lang.String,java.lang.String,java.lang.String)[pri:0, instance:org.sample.DataProvSelenium@6283d8b8]" started-at="2022-09-16T09:27:42 IST" name="SampleTest" data-provider="data" finished-at="2022-09-16T09:27:44 IST" duration-ms="1396" status="FAIL">
          <params>
            <param index="0">
              <value>
                <![CDATA[invalid]]>
              </value>
            </param>
            <param index="1">
              <value>
                <![CDATA[dell]]>
              </value>
            </param>
            <param index="2">
              <value>
                <![CDATA[234]]>
              </value>
            </param>
          </params>
          <exception class="org.openqa.selenium.SessionNotCreatedException">
            <message>
              <![CDATA[session not created: This version of ChromeDriver only supports Chrome version 103
Current browser version is 105.0.5195.125 with binary path C:\Program Files\Google\Chrome\Application\chrome.exe
Build info: version: '3.141.5', revision: 'd54ebd709a', time: '2018-11-06T11:42:16'
System info: host: 'LAPTOP-ABGUSIE1', ip: '192.168.1.6', os.name: 'Windows 10', os.arch: 'amd64', os.version: '10.0', java.version: '17.0.1'
Driver info: driver.version: ChromeDriver
remote stacktrace: Backtrace:
Ordinal0 [0x00B36463+2188387]
Ordinal0 [0x00ACE461+1762401]
Ordinal0 [0x009E3D78+802168]
Ordinal0 [0x00A04E59+937561]
Ordinal0 [0x00A00A6C+920172]
Ordinal0 [0x009FE331+910129]
Ordinal0 [0x00A31430+1119280]
Ordinal0 [0x00A3108A+1118346]
Ordinal0 [0x00A2C5F6+1099254]
Ordinal0 [0x00A06BE0+945120]
Ordinal0 [0x00A07AD6+948950]
GetHandleVerifier [0x00DD71F2+2712546]
GetHandleVerifier [0x00DC886D+2652765]
GetHandleVerifier [0x00BC002A+520730]
GetHandleVerifier [0x00BBEE06+516086]
Ordinal0 [0x00AD468B+1787531]
Ordinal0 [0x00AD8E88+1805960]
Ordinal0 [0x00AD8F75+1806197]
Ordinal0 [0x00AE1DF1+1842673]
BaseThreadInitThunk [0x76446739+25]
RtlGetFullPathName_UEx [0x772A90AF+1215]
RtlGetFullPathName_UEx [0x772A907D+1165]
]]>
            </message>
            <full-stacktrace>
              <![CDATA[org.openqa.selenium.SessionNotCreatedException: session not created: This version of ChromeDriver only supports Chrome version 103
Current browser version is 105.0.5195.125 with binary path C:\Program Files\Google\Chrome\Application\chrome.exe
Build info: version: '3.141.5', revision: 'd54ebd709a', time: '2018-11-06T11:42:16'
System info: host: 'LAPTOP-ABGUSIE1', ip: '192.168.1.6', os.name: 'Windows 10', os.arch: 'amd64', os.version: '10.0', java.version: '17.0.1'
Driver info: driver.version: ChromeDriver
remote stacktrace: Backtrace:
Ordinal0 [0x00B36463+2188387]
Ordinal0 [0x00ACE461+1762401]
Ordinal0 [0x009E3D78+802168]
Ordinal0 [0x00A04E59+937561]
Ordinal0 [0x00A00A6C+920172]
Ordinal0 [0x009FE331+910129]
Ordinal0 [0x00A31430+1119280]
Ordinal0 [0x00A3108A+1118346]
Ordinal0 [0x00A2C5F6+1099254]
Ordinal0 [0x00A06BE0+945120]
Ordinal0 [0x00A07AD6+948950]
GetHandleVerifier [0x00DD71F2+2712546]
GetHandleVerifier [0x00DC886D+2652765]
GetHandleVerifier [0x00BC002A+520730]
GetHandleVerifier [0x00BBEE06+516086]
Ordinal0 [0x00AD468B+1787531]
Ordinal0 [0x00AD8E88+1805960]
Ordinal0 [0x00AD8F75+1806197]
Ordinal0 [0x00AE1DF1+1842673]
BaseThreadInitThunk [0x76446739+25]
RtlGetFullPathName_UEx [0x772A90AF+1215]
RtlGetFullPathName_UEx [0x772A907D+1165]

at java.base/jdk.internal.reflect.NativeConstructorAccessorImpl.newInstance0(Native Method)
at java.base/jdk.internal.reflect.NativeConstructorAccessorImpl.newInstance(NativeConstructorAccessorImpl.java:77)
at java.base/jdk.internal.reflect.DelegatingConstructorAccessorImpl.newInstance(DelegatingConstructorAccessorImpl.java:45)
at java.base/java.lang.reflect.Constructor.newInstanceWithCaller(Constructor.java:499)
at java.base/java.lang.reflect.Constructor.newInstance(Constructor.java:480)
at org.openqa.selenium.remote.W3CHandshakeResponse.lambda$errorHandler$0(W3CHandshakeResponse.java:62)
at org.openqa.selenium.remote.HandshakeResponse.lambda$getResponseFunction$0(HandshakeResponse.java:30)
at org.openqa.selenium.remote.ProtocolHandshake.lambda$createSession$0(ProtocolHandshake.java:123)
at java.base/java.util.stream.ReferencePipeline$3$1.accept(ReferencePipeline.java:197)
at java.base/java.util.Spliterators$ArraySpliterator.tryAdvance(Spliterators.java:1002)
at java.base/java.util.stream.ReferencePipeline.forEachWithCancel(ReferencePipeline.java:129)
at java.base/java.util.stream.AbstractPipeline.copyIntoWithCancel(AbstractPipeline.java:527)
at java.base/java.util.stream.AbstractPipeline.copyInto(AbstractPipeline.java:513)
at java.base/java.util.stream.AbstractPipeline.wrapAndCopyInto(AbstractPipeline.java:499)
at java.base/java.util.stream.FindOps$FindOp.evaluateSequential(FindOps.java:150)
at java.base/java.util.stream.AbstractPipeline.evaluate(AbstractPipeline.java:234)
at java.base/java.util.stream.ReferencePipeline.findFirst(ReferencePipeline.java:647)
at org.openqa.selenium.remote.ProtocolHandshake.createSession(ProtocolHandshake.java:125)
at org.openqa.selenium.remote.ProtocolHandshake.createSession(ProtocolHandshake.java:74)
at org.openqa.selenium.remote.HttpCommandExecutor.execute(HttpCommandExecutor.java:136)
at org.openqa.selenium.remote.service.DriverCommandExecutor.execute(DriverCommandExecutor.java:83)
at org.openqa.selenium.remote.RemoteWebDriver.execute(RemoteWebDriver.java:552)
at org.openqa.selenium.remote.RemoteWebDriver.startSession(RemoteWebDriver.java:213)
at org.openqa.selenium.remote.RemoteWebDriver.<init>(RemoteWebDriver.java:131)
at org.openqa.selenium.chrome.ChromeDriver.<init>(ChromeDriver.java:181)
at org.openqa.selenium.chrome.ChromeDriver.<init>(ChromeDriver.java:168)
at org.openqa.selenium.chrome.ChromeDriver.<init>(ChromeDriver.java:123)
at org.sample.DataProvSelenium.SampleTest(DataProvSelenium.java:25)
at java.base/jdk.internal.reflect.NativeMethodAccessorImpl.invoke0(Native Method)
at java.base/jdk.internal.reflect.NativeMethodAccessorImpl.invoke(NativeMethodAccessorImpl.java:77)
at java.base/jdk.internal.reflect.DelegatingMethodAccessorImpl.invoke(DelegatingMethodAccessorImpl.java:43)
at java.base/java.lang.reflect.Method.invoke(Method.java:568)
at org.testng.internal.MethodInvocationHelper.invokeMethod(MethodInvocationHelper.java:133)
at org.testng.internal.TestInvoker.invokeMethod(TestInvoker.java:598)
at org.testng.internal.TestInvoker.invokeTestMethod(TestInvoker.java:173)
at org.testng.internal.MethodRunner.runInSequence(MethodRunner.java:46)
at org.testng.internal.TestInvoker$MethodInvocationAgent.invoke(TestInvoker.java:824)
at org.testng.internal.TestInvoker.invokeTestMethods(TestInvoker.java:146)
at org.testng.internal.TestMethodWorker.invokeTestMethods(TestMethodWorker.java:146)
at org.testng.internal.TestMethodWorker.run(TestMethodWorker.java:128)
at java.base/java.util.ArrayList.forEach(ArrayList.java:1511)
at org.testng.TestRunner.privateRun(TestRunner.java:794)
at org.testng.TestRunner.run(TestRunner.java:596)
at org.testng.SuiteRunner.runTest(SuiteRunner.java:377)
at org.testng.SuiteRunner.runSequentially(SuiteRunner.java:371)
at org.testng.SuiteRunner.privateRun(SuiteRunner.java:332)
at org.testng.SuiteRunner.run(SuiteRunner.java:276)
at org.testng.SuiteRunnerWorker.runSuite(SuiteRunnerWorker.java:53)
at org.testng.SuiteRunnerWorker.run(SuiteRunnerWorker.java:96)
at org.testng.TestNG.runSuitesSequentially(TestNG.java:1212)
at org.testng.TestNG.runSuitesLocally(TestNG.java:1134)
at org.testng.TestNG.runSuites(TestNG.java:1063)
at org.testng.TestNG.run(TestNG.java:1031)
at org.testng.remote.AbstractRemoteTestNG.run(AbstractRemoteTestNG.java:115)
at org.testng.remote.RemoteTestNG.initAndRun(RemoteTestNG.java:251)
at org.testng.remote.RemoteTestNG.main(RemoteTestNG.java:77)
]]>
            </full-stacktrace>
          </exception> <!-- org.openqa.selenium.SessionNotCreatedException -->
          <reporter-output>
          </reporter-output>
        </test-method> <!-- SampleTest -->
      </class> <!-- org.sample.DataProvSelenium -->
    </test> <!-- Default test -->
  </suite> <!-- Default suite -->
</testng-results>
